#
# There is insufficient memory for the Java Runtime Environment to continue.
# Native memory allocation (malloc) failed to allocate 662816 bytes for Chunk::new
# Possible reasons:
#   The system is out of physical RAM or swap space
#   The process is running with CompressedOops enabled, and the Java Heap may be blocking the growth of the native heap
# Possible solutions:
#   Reduce memory load on the system
#   Increase physical memory or swap space
#   Check if swap backing store is full
#   Decrease Java heap size (-Xmx/-Xms)
#   Decrease number of Java threads
#   Decrease Java thread stack sizes (-Xss)
#   Set larger code cache with -XX:ReservedCodeCacheSize=
#   JVM is running with Unscaled Compressed Oops mode in which the Java heap is
#     placed in the first 4GB address space. The Java Heap base address is the
#     maximum limit for the native heap growth. Please use -XX:HeapBaseMinAddress
#     to set the Java Heap base and to place the Java Heap above 4GB virtual address.
# This output file may be truncated or incomplete.
#
#  Out of Memory Error (./src/hotspot/share/memory/arena.cpp:197), pid=12200, tid=13840
#
# JRE version: OpenJDK Runtime Environment Microsoft-40648 (11.0.16.1+1) (build 11.0.16.1+1-LTS)
# Java VM: OpenJDK 64-Bit Server VM Microsoft-40648 (11.0.16.1+1-LTS, mixed mode, tiered, compressed oops, g1 gc, windows-amd64)
# No core dump will be written. Minidumps are not enabled by default on client versions of Windows
#

---------------  S U M M A R Y ------------

Command Line: --add-opens=java.base/java.util=ALL-UNNAMED --add-opens=java.base/java.lang=ALL-UNNAMED --add-opens=java.base/java.lang.invoke=ALL-UNNAMED --add-opens=java.base/java.util=ALL-UNNAMED --add-opens=java.prefs/java.util.prefs=ALL-UNNAMED --add-opens=java.prefs/java.util.prefs=ALL-UNNAMED --add-opens=java.base/java.nio.charset=ALL-UNNAMED --add-opens=java.base/java.net=ALL-UNNAMED --add-opens=java.base/java.util.concurrent.atomic=ALL-UNNAMED -XX:MaxMetaspaceSize=256m -XX:+HeapDumpOnOutOfMemoryError -Xms256m -Xmx512m -Dfile.encoding=windows-1252 -Duser.country=US -Duser.language=en -Duser.variant org.gradle.launcher.daemon.bootstrap.GradleDaemon 7.5.1

Host: Intel(R) Celeron(R) 6305 @ 1.80GHz, 2 cores, 3G,  Windows 10 , 64 bit Build 19041 (10.0.19041.1889)
Time: Tue Feb 28 16:52:08 2023 Eastern Standard Time elapsed time: 9.049895 seconds (0d 0h 0m 9s)

---------------  T H R E A D  ---------------

Current thread (0x0000020cfc122000):  JavaThread "C2 CompilerThread0" daemon [_thread_in_native, id=13840, stack(0x00000022b9800000,0x00000022b9900000)]


Current CompileTask:
C2:   9049 2332   !   4       java.net.URL::<init> (543 bytes)

Stack: [0x00000022b9800000,0x00000022b9900000]
Native frames: (J=compiled Java code, j=interpreted, Vv=VM code, C=native code)
V  [jvm.dll+0x62652a]
V  [jvm.dll+0x7b3249]
V  [jvm.dll+0x7b4938]
V  [jvm.dll+0x7b5013]
V  [jvm.dll+0x24fca8]
V  [jvm.dll+0xc262c]
V  [jvm.dll+0xc2bec]
V  [jvm.dll+0x2c1b24]
V  [jvm.dll+0x52e84c]
V  [jvm.dll+0x2111fb]
V  [jvm.dll+0x20ae44]
V  [jvm.dll+0x207fdb]
V  [jvm.dll+0x18a411]
V  [jvm.dll+0x217954]
V  [jvm.dll+0x215b9b]
V  [jvm.dll+0x775d50]
V  [jvm.dll+0x76ec84]
V  [jvm.dll+0x625395]
C  [ucrtbase.dll+0x21bb2]
C  [KERNEL32.DLL+0x17034]
C  [ntdll.dll+0x526a1]


---------------  P R O C E S S  ---------------

Threads class SMR info:
_java_thread_list=0x0000020cfebe2ce0, length=26, elements={
0x0000020cf6d09800, 0x0000020cfc109800, 0x0000020cfc0ff800, 0x0000020cfc119800,
0x0000020cfc11b000, 0x0000020cfc11d000, 0x0000020cfc122000, 0x0000020cfc134000,
0x0000020cfcadc800, 0x0000020cfcbd0000, 0x0000020cfebbb000, 0x0000020cfdc3a000,
0x0000020cfcb22000, 0x0000020cfcb2f000, 0x0000020cff46b000, 0x0000020cfdec3800,
0x0000020cfdec4000, 0x0000020cfd5d1800, 0x0000020cfe11e800, 0x0000020cfe11f800,
0x0000020cfd532000, 0x0000020cfd533000, 0x0000020cfd52d000, 0x0000020cfd533800,
0x0000020cfd52e800, 0x0000020cfd52e000
}

Java Threads: ( => current thread )
  0x0000020cf6d09800 JavaThread "main" [_thread_blocked, id=10004, stack(0x00000022b8c00000,0x00000022b8d00000)]
  0x0000020cfc109800 JavaThread "Reference Handler" daemon [_thread_blocked, id=8696, stack(0x00000022b9300000,0x00000022b9400000)]
  0x0000020cfc0ff800 JavaThread "Finalizer" daemon [_thread_blocked, id=10016, stack(0x00000022b9400000,0x00000022b9500000)]
  0x0000020cfc119800 JavaThread "Signal Dispatcher" daemon [_thread_blocked, id=8100, stack(0x00000022b9500000,0x00000022b9600000)]
  0x0000020cfc11b000 JavaThread "Attach Listener" daemon [_thread_blocked, id=5964, stack(0x00000022b9600000,0x00000022b9700000)]
  0x0000020cfc11d000 JavaThread "Service Thread" daemon [_thread_blocked, id=3912, stack(0x00000022b9700000,0x00000022b9800000)]
=>0x0000020cfc122000 JavaThread "C2 CompilerThread0" daemon [_thread_in_native, id=13840, stack(0x00000022b9800000,0x00000022b9900000)]
  0x0000020cfc134000 JavaThread "C1 CompilerThread0" daemon [_thread_in_native, id=11708, stack(0x00000022b9900000,0x00000022b9a00000)]
  0x0000020cfcadc800 JavaThread "Sweeper thread" daemon [_thread_blocked, id=5040, stack(0x00000022b9a00000,0x00000022b9b00000)]
  0x0000020cfcbd0000 JavaThread "Common-Cleaner" daemon [_thread_blocked, id=13288, stack(0x00000022b9b00000,0x00000022b9c00000)]
  0x0000020cfebbb000 JavaThread "Daemon health stats" [_thread_blocked, id=11896, stack(0x00000022b9e00000,0x00000022b9f00000)]
  0x0000020cfdc3a000 JavaThread "Incoming local TCP Connector on port 50746" [_thread_in_native, id=11080, stack(0x00000022b9f00000,0x00000022ba000000)]
  0x0000020cfcb22000 JavaThread "Daemon periodic checks" [_thread_blocked, id=12516, stack(0x00000022ba000000,0x00000022ba100000)]
  0x0000020cfcb2f000 JavaThread "Daemon" [_thread_blocked, id=588, stack(0x00000022ba100000,0x00000022ba200000)]
  0x0000020cff46b000 JavaThread "Handler for socket connection from /127.0.0.1:50746 to /127.0.0.1:50747" [_thread_in_native, id=8604, stack(0x00000022ba200000,0x00000022ba300000)]
  0x0000020cfdec3800 JavaThread "Cancel handler" [_thread_blocked, id=10664, stack(0x00000022ba300000,0x00000022ba400000)]
  0x0000020cfdec4000 JavaThread "Daemon worker" [_thread_in_vm, id=10748, stack(0x00000022ba400000,0x00000022ba500000)]
  0x0000020cfd5d1800 JavaThread "Asynchronous log dispatcher for DefaultDaemonConnection: socket connection from /127.0.0.1:50746 to /127.0.0.1:50747" [_thread_blocked, id=13468, stack(0x00000022ba500000,0x00000022ba600000)]
  0x0000020cfe11e800 JavaThread "Stdin handler" [_thread_blocked, id=9960, stack(0x00000022ba600000,0x00000022ba700000)]
  0x0000020cfe11f800 JavaThread "Daemon client event forwarder" [_thread_blocked, id=3804, stack(0x00000022ba700000,0x00000022ba800000)]
  0x0000020cfd532000 JavaThread "Cache worker for journal cache (C:\Users\justin.currin\.gradle\caches\journal-1)" [_thread_blocked, id=6692, stack(0x00000022ba800000,0x00000022ba900000)]
  0x0000020cfd533000 JavaThread "File lock request listener" [_thread_in_native, id=8196, stack(0x00000022ba900000,0x00000022baa00000)]
  0x0000020cfd52d000 JavaThread "Cache worker for file hash cache (C:\Users\justin.currin\.gradle\caches\7.5.1\fileHashes)" [_thread_blocked, id=9360, stack(0x00000022baa00000,0x00000022bab00000)]
  0x0000020cfd533800 JavaThread "File watcher server" daemon [_thread_in_native, id=3024, stack(0x00000022bab00000,0x00000022bac00000)]
  0x0000020cfd52e800 JavaThread "File watcher consumer" daemon [_thread_blocked, id=8600, stack(0x00000022bac00000,0x00000022bad00000)]
  0x0000020cfd52e000 JavaThread "Cache worker for checksums cache (C:\Users\justin.currin\Documents\GitHub\2023-main\.gradle\7.5.1\checksums)" [_thread_blocked, id=15024, stack(0x00000022bad00000,0x00000022bae00000)]

Other Threads:
  0x0000020cfc0d2800 VMThread "VM Thread" [stack: 0x00000022b9200000,0x00000022b9300000] [id=15204]
  0x0000020cfcbf3800 WatcherThread [stack: 0x00000022b9c00000,0x00000022b9d00000] [id=11828]
  0x0000020cf6d23000 GCTaskThread "GC Thread#0" [stack: 0x00000022b8d00000,0x00000022b8e00000] [id=7944]
  0x0000020cfce13000 GCTaskThread "GC Thread#1" [stack: 0x00000022b9d00000,0x00000022b9e00000] [id=11308]
  0x0000020cf6d36800 ConcurrentGCThread "G1 Main Marker" [stack: 0x00000022b8e00000,0x00000022b8f00000] [id=5452]
  0x0000020cf6d37800 ConcurrentGCThread "G1 Conc#0" [stack: 0x00000022b8f00000,0x00000022b9000000] [id=10204]
  0x0000020cf6ded800 ConcurrentGCThread "G1 Refine#0" [stack: 0x00000022b9000000,0x00000022b9100000] [id=6744]
  0x0000020cf6dee800 ConcurrentGCThread "G1 Young RemSet Sampling" [stack: 0x00000022b9100000,0x00000022b9200000] [id=7396]

Threads with active compile tasks:
C2 CompilerThread0     9096 2332   !   4       java.net.URL::<init> (543 bytes)

VM state:not at safepoint (normal execution)

VM Mutex/Monitor currently owned by a thread: None

Heap address: 0x00000000e0000000, size: 512 MB, Compressed Oops mode: 32-bit
Narrow klass base: 0x0000000000000000, Narrow klass shift: 3
Compressed class space size: 260046848 Address: 0x0000000100000000

Heap:
 garbage-first heap   total 262144K, used 46548K [0x00000000e0000000, 0x0000000100000000)
  region size 1024K, 33 young (33792K), 5 survivors (5120K)
 Metaspace       used 27713K, capacity 28434K, committed 28720K, reserved 280576K
  class space    used 3627K, capacity 3882K, committed 3968K, reserved 253952K
Heap Regions: E=young(eden), S=young(survivor), O=old, HS=humongous(starts), HC=humongous(continues), CS=collection set, F=free, A=archive, TAMS=top-at-mark-start (previous, next)
|   0|0x00000000e0000000, 0x00000000e0100000, 0x00000000e0100000|100%|HS|  |TAMS 0x00000000e0100000, 0x00000000e0000000| Complete 
|   1|0x00000000e0100000, 0x00000000e0200000, 0x00000000e0200000|100%|HC|  |TAMS 0x00000000e0200000, 0x00000000e0100000| Complete 
|   2|0x00000000e0200000, 0x00000000e0300000, 0x00000000e0300000|100%|HC|  |TAMS 0x00000000e0300000, 0x00000000e0200000| Complete 
|   3|0x00000000e0300000, 0x00000000e0400000, 0x00000000e0400000|100%| O|  |TAMS 0x00000000e0400000, 0x00000000e0300000| Untracked 
|   4|0x00000000e0400000, 0x00000000e0500000, 0x00000000e0500000|100%| O|  |TAMS 0x00000000e0500000, 0x00000000e0400000| Untracked 
|   5|0x00000000e0500000, 0x00000000e0600000, 0x00000000e0600000|100%| O|  |TAMS 0x00000000e0600000, 0x00000000e0500000| Untracked 
|   6|0x00000000e0600000, 0x00000000e0700000, 0x00000000e0700000|100%| O|  |TAMS 0x00000000e0700000, 0x00000000e0600000| Untracked 
|   7|0x00000000e0700000, 0x00000000e0800000, 0x00000000e0800000|100%| O|  |TAMS 0x00000000e0800000, 0x00000000e0700000| Untracked 
|   8|0x00000000e0800000, 0x00000000e0900000, 0x00000000e0900000|100%| O|  |TAMS 0x00000000e0900000, 0x00000000e0800000| Untracked 
|   9|0x00000000e0900000, 0x00000000e0a00000, 0x00000000e0a00000|100%| O|  |TAMS 0x00000000e0a00000, 0x00000000e0900000| Untracked 
|  10|0x00000000e0a00000, 0x00000000e0b00000, 0x00000000e0b00000|100%| O|  |TAMS 0x00000000e0b00000, 0x00000000e0a00000| Untracked 
|  11|0x00000000e0b00000, 0x00000000e0c00000, 0x00000000e0c00000|100%| O|  |TAMS 0x00000000e0c00000, 0x00000000e0b00000| Untracked 
|  12|0x00000000e0c00000, 0x00000000e0d00000, 0x00000000e0d00000|100%| O|  |TAMS 0x00000000e0d00000, 0x00000000e0c00000| Untracked 
|  13|0x00000000e0d00000, 0x00000000e0e00000, 0x00000000e0e00000|100%| O|  |TAMS 0x00000000e0e00000, 0x00000000e0d00000| Untracked 
|  14|0x00000000e0e00000, 0x00000000e0e32800, 0x00000000e0f00000| 19%| O|  |TAMS 0x00000000e0e32800, 0x00000000e0e00000| Untracked 
|  15|0x00000000e0f00000, 0x00000000e0f00000, 0x00000000e1000000|  0%| F|  |TAMS 0x00000000e0f00000, 0x00000000e0f00000| Untracked 
|  16|0x00000000e1000000, 0x00000000e1000000, 0x00000000e1100000|  0%| F|  |TAMS 0x00000000e1000000, 0x00000000e1000000| Untracked 
|  17|0x00000000e1100000, 0x00000000e1100000, 0x00000000e1200000|  0%| F|  |TAMS 0x00000000e1100000, 0x00000000e1100000| Untracked 
|  18|0x00000000e1200000, 0x00000000e1200000, 0x00000000e1300000|  0%| F|  |TAMS 0x00000000e1200000, 0x00000000e1200000| Untracked 
|  19|0x00000000e1300000, 0x00000000e1300000, 0x00000000e1400000|  0%| F|  |TAMS 0x00000000e1300000, 0x00000000e1300000| Untracked 
|  20|0x00000000e1400000, 0x00000000e1400000, 0x00000000e1500000|  0%| F|  |TAMS 0x00000000e1400000, 0x00000000e1400000| Untracked 
|  21|0x00000000e1500000, 0x00000000e1500000, 0x00000000e1600000|  0%| F|  |TAMS 0x00000000e1500000, 0x00000000e1500000| Untracked 
|  22|0x00000000e1600000, 0x00000000e1600000, 0x00000000e1700000|  0%| F|  |TAMS 0x00000000e1600000, 0x00000000e1600000| Untracked 
|  23|0x00000000e1700000, 0x00000000e1700000, 0x00000000e1800000|  0%| F|  |TAMS 0x00000000e1700000, 0x00000000e1700000| Untracked 
|  24|0x00000000e1800000, 0x00000000e1800000, 0x00000000e1900000|  0%| F|  |TAMS 0x00000000e1800000, 0x00000000e1800000| Untracked 
|  25|0x00000000e1900000, 0x00000000e1900000, 0x00000000e1a00000|  0%| F|  |TAMS 0x00000000e1900000, 0x00000000e1900000| Untracked 
|  26|0x00000000e1a00000, 0x00000000e1a00000, 0x00000000e1b00000|  0%| F|  |TAMS 0x00000000e1a00000, 0x00000000e1a00000| Untracked 
|  27|0x00000000e1b00000, 0x00000000e1b00000, 0x00000000e1c00000|  0%| F|  |TAMS 0x00000000e1b00000, 0x00000000e1b00000| Untracked 
|  28|0x00000000e1c00000, 0x00000000e1c00000, 0x00000000e1d00000|  0%| F|  |TAMS 0x00000000e1c00000, 0x00000000e1c00000| Untracked 
|  29|0x00000000e1d00000, 0x00000000e1d00000, 0x00000000e1e00000|  0%| F|  |TAMS 0x00000000e1d00000, 0x00000000e1d00000| Untracked 
|  30|0x00000000e1e00000, 0x00000000e1e00000, 0x00000000e1f00000|  0%| F|  |TAMS 0x00000000e1e00000, 0x00000000e1e00000| Untracked 
|  31|0x00000000e1f00000, 0x00000000e1f00000, 0x00000000e2000000|  0%| F|  |TAMS 0x00000000e1f00000, 0x00000000e1f00000| Untracked 
|  32|0x00000000e2000000, 0x00000000e2000000, 0x00000000e2100000|  0%| F|  |TAMS 0x00000000e2000000, 0x00000000e2000000| Untracked 
|  33|0x00000000e2100000, 0x00000000e2100000, 0x00000000e2200000|  0%| F|  |TAMS 0x00000000e2100000, 0x00000000e2100000| Untracked 
|  34|0x00000000e2200000, 0x00000000e2200000, 0x00000000e2300000|  0%| F|  |TAMS 0x00000000e2200000, 0x00000000e2200000| Untracked 
|  35|0x00000000e2300000, 0x00000000e2300000, 0x00000000e2400000|  0%| F|  |TAMS 0x00000000e2300000, 0x00000000e2300000| Untracked 
|  36|0x00000000e2400000, 0x00000000e2400000, 0x00000000e2500000|  0%| F|  |TAMS 0x00000000e2400000, 0x00000000e2400000| Untracked 
|  37|0x00000000e2500000, 0x00000000e2500000, 0x00000000e2600000|  0%| F|  |TAMS 0x00000000e2500000, 0x00000000e2500000| Untracked 
|  38|0x00000000e2600000, 0x00000000e2600000, 0x00000000e2700000|  0%| F|  |TAMS 0x00000000e2600000, 0x00000000e2600000| Untracked 
|  39|0x00000000e2700000, 0x00000000e2700000, 0x00000000e2800000|  0%| F|  |TAMS 0x00000000e2700000, 0x00000000e2700000| Untracked 
|  40|0x00000000e2800000, 0x00000000e2800000, 0x00000000e2900000|  0%| F|  |TAMS 0x00000000e2800000, 0x00000000e2800000| Untracked 
|  41|0x00000000e2900000, 0x00000000e2900000, 0x00000000e2a00000|  0%| F|  |TAMS 0x00000000e2900000, 0x00000000e2900000| Untracked 
|  42|0x00000000e2a00000, 0x00000000e2a00000, 0x00000000e2b00000|  0%| F|  |TAMS 0x00000000e2a00000, 0x00000000e2a00000| Untracked 
|  43|0x00000000e2b00000, 0x00000000e2b00000, 0x00000000e2c00000|  0%| F|  |TAMS 0x00000000e2b00000, 0x00000000e2b00000| Untracked 
|  44|0x00000000e2c00000, 0x00000000e2c00000, 0x00000000e2d00000|  0%| F|  |TAMS 0x00000000e2c00000, 0x00000000e2c00000| Untracked 
|  45|0x00000000e2d00000, 0x00000000e2d00000, 0x00000000e2e00000|  0%| F|  |TAMS 0x00000000e2d00000, 0x00000000e2d00000| Untracked 
|  46|0x00000000e2e00000, 0x00000000e2e00000, 0x00000000e2f00000|  0%| F|  |TAMS 0x00000000e2e00000, 0x00000000e2e00000| Untracked 
|  47|0x00000000e2f00000, 0x00000000e2f00000, 0x00000000e3000000|  0%| F|  |TAMS 0x00000000e2f00000, 0x00000000e2f00000| Untracked 
|  48|0x00000000e3000000, 0x00000000e3000000, 0x00000000e3100000|  0%| F|  |TAMS 0x00000000e3000000, 0x00000000e3000000| Untracked 
|  49|0x00000000e3100000, 0x00000000e3100000, 0x00000000e3200000|  0%| F|  |TAMS 0x00000000e3100000, 0x00000000e3100000| Untracked 
|  50|0x00000000e3200000, 0x00000000e3200000, 0x00000000e3300000|  0%| F|  |TAMS 0x00000000e3200000, 0x00000000e3200000| Untracked 
|  51|0x00000000e3300000, 0x00000000e3300000, 0x00000000e3400000|  0%| F|  |TAMS 0x00000000e3300000, 0x00000000e3300000| Untracked 
|  52|0x00000000e3400000, 0x00000000e3400000, 0x00000000e3500000|  0%| F|  |TAMS 0x00000000e3400000, 0x00000000e3400000| Untracked 
|  53|0x00000000e3500000, 0x00000000e3500000, 0x00000000e3600000|  0%| F|  |TAMS 0x00000000e3500000, 0x00000000e3500000| Untracked 
|  54|0x00000000e3600000, 0x00000000e3600000, 0x00000000e3700000|  0%| F|  |TAMS 0x00000000e3600000, 0x00000000e3600000| Untracked 
|  55|0x00000000e3700000, 0x00000000e3700000, 0x00000000e3800000|  0%| F|  |TAMS 0x00000000e3700000, 0x00000000e3700000| Untracked 
|  56|0x00000000e3800000, 0x00000000e3800000, 0x00000000e3900000|  0%| F|  |TAMS 0x00000000e3800000, 0x00000000e3800000| Untracked 
|  57|0x00000000e3900000, 0x00000000e3900000, 0x00000000e3a00000|  0%| F|  |TAMS 0x00000000e3900000, 0x00000000e3900000| Untracked 
|  58|0x00000000e3a00000, 0x00000000e3a00000, 0x00000000e3b00000|  0%| F|  |TAMS 0x00000000e3a00000, 0x00000000e3a00000| Untracked 
|  59|0x00000000e3b00000, 0x00000000e3b00000, 0x00000000e3c00000|  0%| F|  |TAMS 0x00000000e3b00000, 0x00000000e3b00000| Untracked 
|  60|0x00000000e3c00000, 0x00000000e3c00000, 0x00000000e3d00000|  0%| F|  |TAMS 0x00000000e3c00000, 0x00000000e3c00000| Untracked 
|  61|0x00000000e3d00000, 0x00000000e3d00000, 0x00000000e3e00000|  0%| F|  |TAMS 0x00000000e3d00000, 0x00000000e3d00000| Untracked 
|  62|0x00000000e3e00000, 0x00000000e3e00000, 0x00000000e3f00000|  0%| F|  |TAMS 0x00000000e3e00000, 0x00000000e3e00000| Untracked 
|  63|0x00000000e3f00000, 0x00000000e3f00000, 0x00000000e4000000|  0%| F|  |TAMS 0x00000000e3f00000, 0x00000000e3f00000| Untracked 
|  64|0x00000000e4000000, 0x00000000e4000000, 0x00000000e4100000|  0%| F|  |TAMS 0x00000000e4000000, 0x00000000e4000000| Untracked 
|  65|0x00000000e4100000, 0x00000000e4100000, 0x00000000e4200000|  0%| F|  |TAMS 0x00000000e4100000, 0x00000000e4100000| Untracked 
|  66|0x00000000e4200000, 0x00000000e4200000, 0x00000000e4300000|  0%| F|  |TAMS 0x00000000e4200000, 0x00000000e4200000| Untracked 
|  67|0x00000000e4300000, 0x00000000e4300000, 0x00000000e4400000|  0%| F|  |TAMS 0x00000000e4300000, 0x00000000e4300000| Untracked 
|  68|0x00000000e4400000, 0x00000000e4400000, 0x00000000e4500000|  0%| F|  |TAMS 0x00000000e4400000, 0x00000000e4400000| Untracked 
|  69|0x00000000e4500000, 0x00000000e4500000, 0x00000000e4600000|  0%| F|  |TAMS 0x00000000e4500000, 0x00000000e4500000| Untracked 
|  70|0x00000000e4600000, 0x00000000e4600000, 0x00000000e4700000|  0%| F|  |TAMS 0x00000000e4600000, 0x00000000e4600000| Untracked 
|  71|0x00000000e4700000, 0x00000000e4700000, 0x00000000e4800000|  0%| F|  |TAMS 0x00000000e4700000, 0x00000000e4700000| Untracked 
|  72|0x00000000e4800000, 0x00000000e4800000, 0x00000000e4900000|  0%| F|  |TAMS 0x00000000e4800000, 0x00000000e4800000| Untracked 
|  73|0x00000000e4900000, 0x00000000e4900000, 0x00000000e4a00000|  0%| F|  |TAMS 0x00000000e4900000, 0x00000000e4900000| Untracked 
|  74|0x00000000e4a00000, 0x00000000e4a00000, 0x00000000e4b00000|  0%| F|  |TAMS 0x00000000e4a00000, 0x00000000e4a00000| Untracked 
|  75|0x00000000e4b00000, 0x00000000e4b00000, 0x00000000e4c00000|  0%| F|  |TAMS 0x00000000e4b00000, 0x00000000e4b00000| Untracked 
|  76|0x00000000e4c00000, 0x00000000e4c00000, 0x00000000e4d00000|  0%| F|  |TAMS 0x00000000e4c00000, 0x00000000e4c00000| Untracked 
|  77|0x00000000e4d00000, 0x00000000e4d00000, 0x00000000e4e00000|  0%| F|  |TAMS 0x00000000e4d00000, 0x00000000e4d00000| Untracked 
|  78|0x00000000e4e00000, 0x00000000e4e00000, 0x00000000e4f00000|  0%| F|  |TAMS 0x00000000e4e00000, 0x00000000e4e00000| Untracked 
|  79|0x00000000e4f00000, 0x00000000e4f00000, 0x00000000e5000000|  0%| F|  |TAMS 0x00000000e4f00000, 0x00000000e4f00000| Untracked 
|  80|0x00000000e5000000, 0x00000000e5000000, 0x00000000e5100000|  0%| F|  |TAMS 0x00000000e5000000, 0x00000000e5000000| Untracked 
|  81|0x00000000e5100000, 0x00000000e5100000, 0x00000000e5200000|  0%| F|  |TAMS 0x00000000e5100000, 0x00000000e5100000| Untracked 
|  82|0x00000000e5200000, 0x00000000e5200000, 0x00000000e5300000|  0%| F|  |TAMS 0x00000000e5200000, 0x00000000e5200000| Untracked 
|  83|0x00000000e5300000, 0x00000000e5300000, 0x00000000e5400000|  0%| F|  |TAMS 0x00000000e5300000, 0x00000000e5300000| Untracked 
|  84|0x00000000e5400000, 0x00000000e5400000, 0x00000000e5500000|  0%| F|  |TAMS 0x00000000e5400000, 0x00000000e5400000| Untracked 
|  85|0x00000000e5500000, 0x00000000e5500000, 0x00000000e5600000|  0%| F|  |TAMS 0x00000000e5500000, 0x00000000e5500000| Untracked 
|  86|0x00000000e5600000, 0x00000000e5600000, 0x00000000e5700000|  0%| F|  |TAMS 0x00000000e5600000, 0x00000000e5600000| Untracked 
|  87|0x00000000e5700000, 0x00000000e5700000, 0x00000000e5800000|  0%| F|  |TAMS 0x00000000e5700000, 0x00000000e5700000| Untracked 
|  88|0x00000000e5800000, 0x00000000e5800000, 0x00000000e5900000|  0%| F|  |TAMS 0x00000000e5800000, 0x00000000e5800000| Untracked 
|  89|0x00000000e5900000, 0x00000000e5900000, 0x00000000e5a00000|  0%| F|  |TAMS 0x00000000e5900000, 0x00000000e5900000| Untracked 
|  90|0x00000000e5a00000, 0x00000000e5a00000, 0x00000000e5b00000|  0%| F|  |TAMS 0x00000000e5a00000, 0x00000000e5a00000| Untracked 
|  91|0x00000000e5b00000, 0x00000000e5b00000, 0x00000000e5c00000|  0%| F|  |TAMS 0x00000000e5b00000, 0x00000000e5b00000| Untracked 
|  92|0x00000000e5c00000, 0x00000000e5c00000, 0x00000000e5d00000|  0%| F|  |TAMS 0x00000000e5c00000, 0x00000000e5c00000| Untracked 
|  93|0x00000000e5d00000, 0x00000000e5d00000, 0x00000000e5e00000|  0%| F|  |TAMS 0x00000000e5d00000, 0x00000000e5d00000| Untracked 
|  94|0x00000000e5e00000, 0x00000000e5e00000, 0x00000000e5f00000|  0%| F|  |TAMS 0x00000000e5e00000, 0x00000000e5e00000| Untracked 
|  95|0x00000000e5f00000, 0x00000000e5f00000, 0x00000000e6000000|  0%| F|  |TAMS 0x00000000e5f00000, 0x00000000e5f00000| Untracked 
|  96|0x00000000e6000000, 0x00000000e6000000, 0x00000000e6100000|  0%| F|  |TAMS 0x00000000e6000000, 0x00000000e6000000| Untracked 
|  97|0x00000000e6100000, 0x00000000e6100000, 0x00000000e6200000|  0%| F|  |TAMS 0x00000000e6100000, 0x00000000e6100000| Untracked 
|  98|0x00000000e6200000, 0x00000000e6200000, 0x00000000e6300000|  0%| F|  |TAMS 0x00000000e6200000, 0x00000000e6200000| Untracked 
|  99|0x00000000e6300000, 0x00000000e6300000, 0x00000000e6400000|  0%| F|  |TAMS 0x00000000e6300000, 0x00000000e6300000| Untracked 
| 100|0x00000000e6400000, 0x00000000e6400000, 0x00000000e6500000|  0%| F|  |TAMS 0x00000000e6400000, 0x00000000e6400000| Untracked 
| 101|0x00000000e6500000, 0x00000000e6500000, 0x00000000e6600000|  0%| F|  |TAMS 0x00000000e6500000, 0x00000000e6500000| Untracked 
| 102|0x00000000e6600000, 0x00000000e6600000, 0x00000000e6700000|  0%| F|  |TAMS 0x00000000e6600000, 0x00000000e6600000| Untracked 
| 103|0x00000000e6700000, 0x00000000e6700000, 0x00000000e6800000|  0%| F|  |TAMS 0x00000000e6700000, 0x00000000e6700000| Untracked 
| 104|0x00000000e6800000, 0x00000000e6800000, 0x00000000e6900000|  0%| F|  |TAMS 0x00000000e6800000, 0x00000000e6800000| Untracked 
| 105|0x00000000e6900000, 0x00000000e6900000, 0x00000000e6a00000|  0%| F|  |TAMS 0x00000000e6900000, 0x00000000e6900000| Untracked 
| 106|0x00000000e6a00000, 0x00000000e6a00000, 0x00000000e6b00000|  0%| F|  |TAMS 0x00000000e6a00000, 0x00000000e6a00000| Untracked 
| 107|0x00000000e6b00000, 0x00000000e6b00000, 0x00000000e6c00000|  0%| F|  |TAMS 0x00000000e6b00000, 0x00000000e6b00000| Untracked 
| 108|0x00000000e6c00000, 0x00000000e6c00000, 0x00000000e6d00000|  0%| F|  |TAMS 0x00000000e6c00000, 0x00000000e6c00000| Untracked 
| 109|0x00000000e6d00000, 0x00000000e6d00000, 0x00000000e6e00000|  0%| F|  |TAMS 0x00000000e6d00000, 0x00000000e6d00000| Untracked 
| 110|0x00000000e6e00000, 0x00000000e6e00000, 0x00000000e6f00000|  0%| F|  |TAMS 0x00000000e6e00000, 0x00000000e6e00000| Untracked 
| 111|0x00000000e6f00000, 0x00000000e6f00000, 0x00000000e7000000|  0%| F|  |TAMS 0x00000000e6f00000, 0x00000000e6f00000| Untracked 
| 112|0x00000000e7000000, 0x00000000e7000000, 0x00000000e7100000|  0%| F|  |TAMS 0x00000000e7000000, 0x00000000e7000000| Untracked 
| 113|0x00000000e7100000, 0x00000000e7100000, 0x00000000e7200000|  0%| F|  |TAMS 0x00000000e7100000, 0x00000000e7100000| Untracked 
| 114|0x00000000e7200000, 0x00000000e7200000, 0x00000000e7300000|  0%| F|  |TAMS 0x00000000e7200000, 0x00000000e7200000| Untracked 
| 115|0x00000000e7300000, 0x00000000e7300000, 0x00000000e7400000|  0%| F|  |TAMS 0x00000000e7300000, 0x00000000e7300000| Untracked 
| 116|0x00000000e7400000, 0x00000000e7400000, 0x00000000e7500000|  0%| F|  |TAMS 0x00000000e7400000, 0x00000000e7400000| Untracked 
| 117|0x00000000e7500000, 0x00000000e7500000, 0x00000000e7600000|  0%| F|  |TAMS 0x00000000e7500000, 0x00000000e7500000| Untracked 
| 118|0x00000000e7600000, 0x00000000e7600000, 0x00000000e7700000|  0%| F|  |TAMS 0x00000000e7600000, 0x00000000e7600000| Untracked 
| 119|0x00000000e7700000, 0x00000000e7700000, 0x00000000e7800000|  0%| F|  |TAMS 0x00000000e7700000, 0x00000000e7700000| Untracked 
| 120|0x00000000e7800000, 0x00000000e7800000, 0x00000000e7900000|  0%| F|  |TAMS 0x00000000e7800000, 0x00000000e7800000| Untracked 
| 121|0x00000000e7900000, 0x00000000e7900000, 0x00000000e7a00000|  0%| F|  |TAMS 0x00000000e7900000, 0x00000000e7900000| Untracked 
| 122|0x00000000e7a00000, 0x00000000e7a00000, 0x00000000e7b00000|  0%| F|  |TAMS 0x00000000e7a00000, 0x00000000e7a00000| Untracked 
| 123|0x00000000e7b00000, 0x00000000e7b00000, 0x00000000e7c00000|  0%| F|  |TAMS 0x00000000e7b00000, 0x00000000e7b00000| Untracked 
| 124|0x00000000e7c00000, 0x00000000e7c00000, 0x00000000e7d00000|  0%| F|  |TAMS 0x00000000e7c00000, 0x00000000e7c00000| Untracked 
| 125|0x00000000e7d00000, 0x00000000e7d00000, 0x00000000e7e00000|  0%| F|  |TAMS 0x00000000e7d00000, 0x00000000e7d00000| Untracked 
| 126|0x00000000e7e00000, 0x00000000e7e00000, 0x00000000e7f00000|  0%| F|  |TAMS 0x00000000e7e00000, 0x00000000e7e00000| Untracked 
| 127|0x00000000e7f00000, 0x00000000e7f00000, 0x00000000e8000000|  0%| F|  |TAMS 0x00000000e7f00000, 0x00000000e7f00000| Untracked 
| 128|0x00000000e8000000, 0x00000000e8000000, 0x00000000e8100000|  0%| F|  |TAMS 0x00000000e8000000, 0x00000000e8000000| Untracked 
| 129|0x00000000e8100000, 0x00000000e8100000, 0x00000000e8200000|  0%| F|  |TAMS 0x00000000e8100000, 0x00000000e8100000| Untracked 
| 130|0x00000000e8200000, 0x00000000e8200000, 0x00000000e8300000|  0%| F|  |TAMS 0x00000000e8200000, 0x00000000e8200000| Untracked 
| 131|0x00000000e8300000, 0x00000000e8300000, 0x00000000e8400000|  0%| F|  |TAMS 0x00000000e8300000, 0x00000000e8300000| Untracked 
| 132|0x00000000e8400000, 0x00000000e8400000, 0x00000000e8500000|  0%| F|  |TAMS 0x00000000e8400000, 0x00000000e8400000| Untracked 
| 133|0x00000000e8500000, 0x00000000e8500000, 0x00000000e8600000|  0%| F|  |TAMS 0x00000000e8500000, 0x00000000e8500000| Untracked 
| 134|0x00000000e8600000, 0x00000000e8600000, 0x00000000e8700000|  0%| F|  |TAMS 0x00000000e8600000, 0x00000000e8600000| Untracked 
| 135|0x00000000e8700000, 0x00000000e8700000, 0x00000000e8800000|  0%| F|  |TAMS 0x00000000e8700000, 0x00000000e8700000| Untracked 
| 136|0x00000000e8800000, 0x00000000e8800000, 0x00000000e8900000|  0%| F|  |TAMS 0x00000000e8800000, 0x00000000e8800000| Untracked 
| 137|0x00000000e8900000, 0x00000000e8900000, 0x00000000e8a00000|  0%| F|  |TAMS 0x00000000e8900000, 0x00000000e8900000| Untracked 
| 138|0x00000000e8a00000, 0x00000000e8a00000, 0x00000000e8b00000|  0%| F|  |TAMS 0x00000000e8a00000, 0x00000000e8a00000| Untracked 
| 139|0x00000000e8b00000, 0x00000000e8b00000, 0x00000000e8c00000|  0%| F|  |TAMS 0x00000000e8b00000, 0x00000000e8b00000| Untracked 
| 140|0x00000000e8c00000, 0x00000000e8c00000, 0x00000000e8d00000|  0%| F|  |TAMS 0x00000000e8c00000, 0x00000000e8c00000| Untracked 
| 141|0x00000000e8d00000, 0x00000000e8d00000, 0x00000000e8e00000|  0%| F|  |TAMS 0x00000000e8d00000, 0x00000000e8d00000| Untracked 
| 142|0x00000000e8e00000, 0x00000000e8e00000, 0x00000000e8f00000|  0%| F|  |TAMS 0x00000000e8e00000, 0x00000000e8e00000| Untracked 
| 143|0x00000000e8f00000, 0x00000000e8f00000, 0x00000000e9000000|  0%| F|  |TAMS 0x00000000e8f00000, 0x00000000e8f00000| Untracked 
| 144|0x00000000e9000000, 0x00000000e9000000, 0x00000000e9100000|  0%| F|  |TAMS 0x00000000e9000000, 0x00000000e9000000| Untracked 
| 145|0x00000000e9100000, 0x00000000e9100000, 0x00000000e9200000|  0%| F|  |TAMS 0x00000000e9100000, 0x00000000e9100000| Untracked 
| 146|0x00000000e9200000, 0x00000000e9200000, 0x00000000e9300000|  0%| F|  |TAMS 0x00000000e9200000, 0x00000000e9200000| Untracked 
| 147|0x00000000e9300000, 0x00000000e9300000, 0x00000000e9400000|  0%| F|  |TAMS 0x00000000e9300000, 0x00000000e9300000| Untracked 
| 148|0x00000000e9400000, 0x00000000e9400000, 0x00000000e9500000|  0%| F|  |TAMS 0x00000000e9400000, 0x00000000e9400000| Untracked 
| 149|0x00000000e9500000, 0x00000000e9500000, 0x00000000e9600000|  0%| F|  |TAMS 0x00000000e9500000, 0x00000000e9500000| Untracked 
| 150|0x00000000e9600000, 0x00000000e9600000, 0x00000000e9700000|  0%| F|  |TAMS 0x00000000e9600000, 0x00000000e9600000| Untracked 
| 151|0x00000000e9700000, 0x00000000e9700000, 0x00000000e9800000|  0%| F|  |TAMS 0x00000000e9700000, 0x00000000e9700000| Untracked 
| 152|0x00000000e9800000, 0x00000000e9800000, 0x00000000e9900000|  0%| F|  |TAMS 0x00000000e9800000, 0x00000000e9800000| Untracked 
| 153|0x00000000e9900000, 0x00000000e9900000, 0x00000000e9a00000|  0%| F|  |TAMS 0x00000000e9900000, 0x00000000e9900000| Untracked 
| 154|0x00000000e9a00000, 0x00000000e9a00000, 0x00000000e9b00000|  0%| F|  |TAMS 0x00000000e9a00000, 0x00000000e9a00000| Untracked 
| 155|0x00000000e9b00000, 0x00000000e9b00000, 0x00000000e9c00000|  0%| F|  |TAMS 0x00000000e9b00000, 0x00000000e9b00000| Untracked 
| 156|0x00000000e9c00000, 0x00000000e9c00000, 0x00000000e9d00000|  0%| F|  |TAMS 0x00000000e9c00000, 0x00000000e9c00000| Untracked 
| 157|0x00000000e9d00000, 0x00000000e9d00000, 0x00000000e9e00000|  0%| F|  |TAMS 0x00000000e9d00000, 0x00000000e9d00000| Untracked 
| 158|0x00000000e9e00000, 0x00000000e9e00000, 0x00000000e9f00000|  0%| F|  |TAMS 0x00000000e9e00000, 0x00000000e9e00000| Untracked 
| 159|0x00000000e9f00000, 0x00000000e9f00000, 0x00000000ea000000|  0%| F|  |TAMS 0x00000000e9f00000, 0x00000000e9f00000| Untracked 
| 160|0x00000000ea000000, 0x00000000ea000000, 0x00000000ea100000|  0%| F|  |TAMS 0x00000000ea000000, 0x00000000ea000000| Untracked 
| 161|0x00000000ea100000, 0x00000000ea100000, 0x00000000ea200000|  0%| F|  |TAMS 0x00000000ea100000, 0x00000000ea100000| Untracked 
| 162|0x00000000ea200000, 0x00000000ea200000, 0x00000000ea300000|  0%| F|  |TAMS 0x00000000ea200000, 0x00000000ea200000| Untracked 
| 163|0x00000000ea300000, 0x00000000ea300000, 0x00000000ea400000|  0%| F|  |TAMS 0x00000000ea300000, 0x00000000ea300000| Untracked 
| 164|0x00000000ea400000, 0x00000000ea400000, 0x00000000ea500000|  0%| F|  |TAMS 0x00000000ea400000, 0x00000000ea400000| Untracked 
| 165|0x00000000ea500000, 0x00000000ea500000, 0x00000000ea600000|  0%| F|  |TAMS 0x00000000ea500000, 0x00000000ea500000| Untracked 
| 166|0x00000000ea600000, 0x00000000ea600000, 0x00000000ea700000|  0%| F|  |TAMS 0x00000000ea600000, 0x00000000ea600000| Untracked 
| 167|0x00000000ea700000, 0x00000000ea700000, 0x00000000ea800000|  0%| F|  |TAMS 0x00000000ea700000, 0x00000000ea700000| Untracked 
| 168|0x00000000ea800000, 0x00000000ea800000, 0x00000000ea900000|  0%| F|  |TAMS 0x00000000ea800000, 0x00000000ea800000| Untracked 
| 169|0x00000000ea900000, 0x00000000ea900000, 0x00000000eaa00000|  0%| F|  |TAMS 0x00000000ea900000, 0x00000000ea900000| Untracked 
| 170|0x00000000eaa00000, 0x00000000eaa00000, 0x00000000eab00000|  0%| F|  |TAMS 0x00000000eaa00000, 0x00000000eaa00000| Untracked 
| 171|0x00000000eab00000, 0x00000000eab00000, 0x00000000eac00000|  0%| F|  |TAMS 0x00000000eab00000, 0x00000000eab00000| Untracked 
| 172|0x00000000eac00000, 0x00000000eac00000, 0x00000000ead00000|  0%| F|  |TAMS 0x00000000eac00000, 0x00000000eac00000| Untracked 
| 173|0x00000000ead00000, 0x00000000ead00000, 0x00000000eae00000|  0%| F|  |TAMS 0x00000000ead00000, 0x00000000ead00000| Untracked 
| 174|0x00000000eae00000, 0x00000000eae00000, 0x00000000eaf00000|  0%| F|  |TAMS 0x00000000eae00000, 0x00000000eae00000| Untracked 
| 175|0x00000000eaf00000, 0x00000000eaf00000, 0x00000000eb000000|  0%| F|  |TAMS 0x00000000eaf00000, 0x00000000eaf00000| Untracked 
| 176|0x00000000eb000000, 0x00000000eb000000, 0x00000000eb100000|  0%| F|  |TAMS 0x00000000eb000000, 0x00000000eb000000| Untracked 
| 177|0x00000000eb100000, 0x00000000eb100000, 0x00000000eb200000|  0%| F|  |TAMS 0x00000000eb100000, 0x00000000eb100000| Untracked 
| 178|0x00000000eb200000, 0x00000000eb200000, 0x00000000eb300000|  0%| F|  |TAMS 0x00000000eb200000, 0x00000000eb200000| Untracked 
| 179|0x00000000eb300000, 0x00000000eb300000, 0x00000000eb400000|  0%| F|  |TAMS 0x00000000eb300000, 0x00000000eb300000| Untracked 
| 180|0x00000000eb400000, 0x00000000eb400000, 0x00000000eb500000|  0%| F|  |TAMS 0x00000000eb400000, 0x00000000eb400000| Untracked 
| 181|0x00000000eb500000, 0x00000000eb500000, 0x00000000eb600000|  0%| F|  |TAMS 0x00000000eb500000, 0x00000000eb500000| Untracked 
| 182|0x00000000eb600000, 0x00000000eb600000, 0x00000000eb700000|  0%| F|  |TAMS 0x00000000eb600000, 0x00000000eb600000| Untracked 
| 183|0x00000000eb700000, 0x00000000eb700000, 0x00000000eb800000|  0%| F|  |TAMS 0x00000000eb700000, 0x00000000eb700000| Untracked 
| 184|0x00000000eb800000, 0x00000000eb800000, 0x00000000eb900000|  0%| F|  |TAMS 0x00000000eb800000, 0x00000000eb800000| Untracked 
| 185|0x00000000eb900000, 0x00000000eb900000, 0x00000000eba00000|  0%| F|  |TAMS 0x00000000eb900000, 0x00000000eb900000| Untracked 
| 186|0x00000000eba00000, 0x00000000eba00000, 0x00000000ebb00000|  0%| F|  |TAMS 0x00000000eba00000, 0x00000000eba00000| Untracked 
| 187|0x00000000ebb00000, 0x00000000ebb00000, 0x00000000ebc00000|  0%| F|  |TAMS 0x00000000ebb00000, 0x00000000ebb00000| Untracked 
| 188|0x00000000ebc00000, 0x00000000ebc00000, 0x00000000ebd00000|  0%| F|  |TAMS 0x00000000ebc00000, 0x00000000ebc00000| Untracked 
| 189|0x00000000ebd00000, 0x00000000ebd00000, 0x00000000ebe00000|  0%| F|  |TAMS 0x00000000ebd00000, 0x00000000ebd00000| Untracked 
| 190|0x00000000ebe00000, 0x00000000ebe00000, 0x00000000ebf00000|  0%| F|  |TAMS 0x00000000ebe00000, 0x00000000ebe00000| Untracked 
| 191|0x00000000ebf00000, 0x00000000ebf00000, 0x00000000ec000000|  0%| F|  |TAMS 0x00000000ebf00000, 0x00000000ebf00000| Untracked 
| 192|0x00000000ec000000, 0x00000000ec000000, 0x00000000ec100000|  0%| F|  |TAMS 0x00000000ec000000, 0x00000000ec000000| Untracked 
| 193|0x00000000ec100000, 0x00000000ec100000, 0x00000000ec200000|  0%| F|  |TAMS 0x00000000ec100000, 0x00000000ec100000| Untracked 
| 194|0x00000000ec200000, 0x00000000ec200000, 0x00000000ec300000|  0%| F|  |TAMS 0x00000000ec200000, 0x00000000ec200000| Untracked 
| 195|0x00000000ec300000, 0x00000000ec300000, 0x00000000ec400000|  0%| F|  |TAMS 0x00000000ec300000, 0x00000000ec300000| Untracked 
| 196|0x00000000ec400000, 0x00000000ec400000, 0x00000000ec500000|  0%| F|  |TAMS 0x00000000ec400000, 0x00000000ec400000| Untracked 
| 197|0x00000000ec500000, 0x00000000ec500000, 0x00000000ec600000|  0%| F|  |TAMS 0x00000000ec500000, 0x00000000ec500000| Untracked 
| 198|0x00000000ec600000, 0x00000000ec600000, 0x00000000ec700000|  0%| F|  |TAMS 0x00000000ec600000, 0x00000000ec600000| Untracked 
| 199|0x00000000ec700000, 0x00000000ec700000, 0x00000000ec800000|  0%| F|  |TAMS 0x00000000ec700000, 0x00000000ec700000| Untracked 
| 200|0x00000000ec800000, 0x00000000ec800000, 0x00000000ec900000|  0%| F|  |TAMS 0x00000000ec800000, 0x00000000ec800000| Untracked 
| 201|0x00000000ec900000, 0x00000000ec900000, 0x00000000eca00000|  0%| F|  |TAMS 0x00000000ec900000, 0x00000000ec900000| Untracked 
| 202|0x00000000eca00000, 0x00000000eca00000, 0x00000000ecb00000|  0%| F|  |TAMS 0x00000000eca00000, 0x00000000eca00000| Untracked 
| 203|0x00000000ecb00000, 0x00000000ecb00000, 0x00000000ecc00000|  0%| F|  |TAMS 0x00000000ecb00000, 0x00000000ecb00000| Untracked 
| 204|0x00000000ecc00000, 0x00000000ecc00000, 0x00000000ecd00000|  0%| F|  |TAMS 0x00000000ecc00000, 0x00000000ecc00000| Untracked 
| 205|0x00000000ecd00000, 0x00000000ecd00000, 0x00000000ece00000|  0%| F|  |TAMS 0x00000000ecd00000, 0x00000000ecd00000| Untracked 
| 206|0x00000000ece00000, 0x00000000ece00000, 0x00000000ecf00000|  0%| F|  |TAMS 0x00000000ece00000, 0x00000000ece00000| Untracked 
| 207|0x00000000ecf00000, 0x00000000ecf00000, 0x00000000ed000000|  0%| F|  |TAMS 0x00000000ecf00000, 0x00000000ecf00000| Untracked 
| 208|0x00000000ed000000, 0x00000000ed042888, 0x00000000ed100000| 25%| S|CS|TAMS 0x00000000ed000000, 0x00000000ed000000| Complete 
| 209|0x00000000ed100000, 0x00000000ed200000, 0x00000000ed200000|100%| S|CS|TAMS 0x00000000ed100000, 0x00000000ed100000| Complete 
| 210|0x00000000ed200000, 0x00000000ed300000, 0x00000000ed300000|100%| S|CS|TAMS 0x00000000ed200000, 0x00000000ed200000| Complete 
| 211|0x00000000ed300000, 0x00000000ed400000, 0x00000000ed400000|100%| S|CS|TAMS 0x00000000ed300000, 0x00000000ed300000| Complete 
| 212|0x00000000ed400000, 0x00000000ed500000, 0x00000000ed500000|100%| S|CS|TAMS 0x00000000ed400000, 0x00000000ed400000| Complete 
| 213|0x00000000ed500000, 0x00000000ed500000, 0x00000000ed600000|  0%| F|  |TAMS 0x00000000ed500000, 0x00000000ed500000| Untracked 
| 214|0x00000000ed600000, 0x00000000ed600000, 0x00000000ed700000|  0%| F|  |TAMS 0x00000000ed600000, 0x00000000ed600000| Untracked 
| 215|0x00000000ed700000, 0x00000000ed700000, 0x00000000ed800000|  0%| F|  |TAMS 0x00000000ed700000, 0x00000000ed700000| Untracked 
| 216|0x00000000ed800000, 0x00000000ed800000, 0x00000000ed900000|  0%| F|  |TAMS 0x00000000ed800000, 0x00000000ed800000| Untracked 
| 217|0x00000000ed900000, 0x00000000ed900000, 0x00000000eda00000|  0%| F|  |TAMS 0x00000000ed900000, 0x00000000ed900000| Untracked 
| 218|0x00000000eda00000, 0x00000000eda00000, 0x00000000edb00000|  0%| F|  |TAMS 0x00000000eda00000, 0x00000000eda00000| Untracked 
| 219|0x00000000edb00000, 0x00000000edb00000, 0x00000000edc00000|  0%| F|  |TAMS 0x00000000edb00000, 0x00000000edb00000| Untracked 
| 220|0x00000000edc00000, 0x00000000edc00000, 0x00000000edd00000|  0%| F|  |TAMS 0x00000000edc00000, 0x00000000edc00000| Untracked 
| 221|0x00000000edd00000, 0x00000000edd00000, 0x00000000ede00000|  0%| F|  |TAMS 0x00000000edd00000, 0x00000000edd00000| Untracked 
| 222|0x00000000ede00000, 0x00000000ede00000, 0x00000000edf00000|  0%| F|  |TAMS 0x00000000ede00000, 0x00000000ede00000| Untracked 
| 223|0x00000000edf00000, 0x00000000edf00000, 0x00000000ee000000|  0%| F|  |TAMS 0x00000000edf00000, 0x00000000edf00000| Untracked 
| 224|0x00000000ee000000, 0x00000000ee000000, 0x00000000ee100000|  0%| F|  |TAMS 0x00000000ee000000, 0x00000000ee000000| Untracked 
| 225|0x00000000ee100000, 0x00000000ee100000, 0x00000000ee200000|  0%| F|  |TAMS 0x00000000ee100000, 0x00000000ee100000| Untracked 
| 226|0x00000000ee200000, 0x00000000ee200000, 0x00000000ee300000|  0%| F|  |TAMS 0x00000000ee200000, 0x00000000ee200000| Untracked 
| 227|0x00000000ee300000, 0x00000000ee300000, 0x00000000ee400000|  0%| F|  |TAMS 0x00000000ee300000, 0x00000000ee300000| Untracked 
| 228|0x00000000ee400000, 0x00000000ee500000, 0x00000000ee500000|100%| E|  |TAMS 0x00000000ee400000, 0x00000000ee400000| Complete 
| 229|0x00000000ee500000, 0x00000000ee600000, 0x00000000ee600000|100%| E|CS|TAMS 0x00000000ee500000, 0x00000000ee500000| Complete 
| 230|0x00000000ee600000, 0x00000000ee700000, 0x00000000ee700000|100%| E|CS|TAMS 0x00000000ee600000, 0x00000000ee600000| Complete 
| 231|0x00000000ee700000, 0x00000000ee800000, 0x00000000ee800000|100%| E|CS|TAMS 0x00000000ee700000, 0x00000000ee700000| Complete 
| 232|0x00000000ee800000, 0x00000000ee900000, 0x00000000ee900000|100%| E|CS|TAMS 0x00000000ee800000, 0x00000000ee800000| Complete 
| 233|0x00000000ee900000, 0x00000000eea00000, 0x00000000eea00000|100%| E|CS|TAMS 0x00000000ee900000, 0x00000000ee900000| Complete 
| 234|0x00000000eea00000, 0x00000000eeb00000, 0x00000000eeb00000|100%| E|CS|TAMS 0x00000000eea00000, 0x00000000eea00000| Complete 
| 235|0x00000000eeb00000, 0x00000000eec00000, 0x00000000eec00000|100%| E|CS|TAMS 0x00000000eeb00000, 0x00000000eeb00000| Complete 
| 236|0x00000000eec00000, 0x00000000eed00000, 0x00000000eed00000|100%| E|CS|TAMS 0x00000000eec00000, 0x00000000eec00000| Complete 
| 237|0x00000000eed00000, 0x00000000eee00000, 0x00000000eee00000|100%| E|CS|TAMS 0x00000000eed00000, 0x00000000eed00000| Complete 
| 238|0x00000000eee00000, 0x00000000eef00000, 0x00000000eef00000|100%| E|CS|TAMS 0x00000000eee00000, 0x00000000eee00000| Complete 
| 239|0x00000000eef00000, 0x00000000ef000000, 0x00000000ef000000|100%| E|CS|TAMS 0x00000000eef00000, 0x00000000eef00000| Complete 
| 240|0x00000000ef000000, 0x00000000ef100000, 0x00000000ef100000|100%| E|CS|TAMS 0x00000000ef000000, 0x00000000ef000000| Complete 
| 241|0x00000000ef100000, 0x00000000ef200000, 0x00000000ef200000|100%| E|CS|TAMS 0x00000000ef100000, 0x00000000ef100000| Complete 
| 242|0x00000000ef200000, 0x00000000ef300000, 0x00000000ef300000|100%| E|CS|TAMS 0x00000000ef200000, 0x00000000ef200000| Complete 
| 243|0x00000000ef300000, 0x00000000ef400000, 0x00000000ef400000|100%| E|CS|TAMS 0x00000000ef300000, 0x00000000ef300000| Complete 
| 244|0x00000000ef400000, 0x00000000ef500000, 0x00000000ef500000|100%| E|CS|TAMS 0x00000000ef400000, 0x00000000ef400000| Complete 
| 245|0x00000000ef500000, 0x00000000ef600000, 0x00000000ef600000|100%| E|CS|TAMS 0x00000000ef500000, 0x00000000ef500000| Complete 
| 246|0x00000000ef600000, 0x00000000ef700000, 0x00000000ef700000|100%| E|CS|TAMS 0x00000000ef600000, 0x00000000ef600000| Complete 
| 247|0x00000000ef700000, 0x00000000ef800000, 0x00000000ef800000|100%| E|CS|TAMS 0x00000000ef700000, 0x00000000ef700000| Complete 
| 248|0x00000000ef800000, 0x00000000ef900000, 0x00000000ef900000|100%| E|CS|TAMS 0x00000000ef800000, 0x00000000ef800000| Complete 
| 249|0x00000000ef900000, 0x00000000efa00000, 0x00000000efa00000|100%| E|CS|TAMS 0x00000000ef900000, 0x00000000ef900000| Complete 
| 250|0x00000000efa00000, 0x00000000efb00000, 0x00000000efb00000|100%| E|CS|TAMS 0x00000000efa00000, 0x00000000efa00000| Complete 
| 251|0x00000000efb00000, 0x00000000efc00000, 0x00000000efc00000|100%| E|CS|TAMS 0x00000000efb00000, 0x00000000efb00000| Complete 
| 252|0x00000000efc00000, 0x00000000efd00000, 0x00000000efd00000|100%| E|CS|TAMS 0x00000000efc00000, 0x00000000efc00000| Complete 
| 253|0x00000000efd00000, 0x00000000efe00000, 0x00000000efe00000|100%| E|CS|TAMS 0x00000000efd00000, 0x00000000efd00000| Complete 
| 254|0x00000000efe00000, 0x00000000eff00000, 0x00000000eff00000|100%| E|CS|TAMS 0x00000000efe00000, 0x00000000efe00000| Complete 
| 255|0x00000000eff00000, 0x00000000f0000000, 0x00000000f0000000|100%| E|CS|TAMS 0x00000000eff00000, 0x00000000eff00000| Complete 

Card table byte_map: [0x0000020cf8b20000,0x0000020cf8c20000] _byte_map_base: 0x0000020cf8420000

Marking Bits (Prev, Next): (CMBitMap*) 0x0000020cf6d33a20, (CMBitMap*) 0x0000020cf6d339e8
 Prev Bits: [0x0000020cf9520000, 0x0000020cf9d20000)
 Next Bits: [0x0000020cf8d20000, 0x0000020cf9520000)

Polling page: 0x0000020cf6b00000

Metaspace:

Usage:
  Non-class:     23.98 MB capacity,    23.56 MB ( 98%) used,   367.05 KB (  1%) free+waste,    57.94 KB ( <1%) overhead. 
      Class:      3.79 MB capacity,     3.55 MB ( 94%) used,   219.08 KB (  6%) free+waste,    29.44 KB ( <1%) overhead. 
       Both:     27.77 MB capacity,    27.11 MB ( 98%) used,   586.13 KB (  2%) free+waste,    87.38 KB ( <1%) overhead. 

Virtual space:
  Non-class space:       26.00 MB reserved,      24.17 MB ( 93%) committed 
      Class space:      248.00 MB reserved,       3.88 MB (  2%) committed 
             Both:      274.00 MB reserved,      28.05 MB ( 10%) committed 

Chunk freelists:
   Non-Class:  8.00 KB
       Class:  22.00 KB
        Both:  30.00 KB

MaxMetaspaceSize: 256.00 MB
CompressedClassSpaceSize: 248.00 MB
Initial GC threshold: 20.80 MB
Current GC threshold: 34.87 MB
CDS: off

CodeHeap 'non-profiled nmethods': size=120064Kb used=1217Kb max_used=1217Kb free=118846Kb
 bounds [0x0000020c90140000, 0x0000020c903b0000, 0x0000020c97680000]
CodeHeap 'profiled nmethods': size=120000Kb used=5163Kb max_used=5163Kb free=114836Kb
 bounds [0x0000020c88c10000, 0x0000020c89120000, 0x0000020c90140000]
CodeHeap 'non-nmethods': size=5696Kb used=1242Kb max_used=1265Kb free=4453Kb
 bounds [0x0000020c88680000, 0x0000020c888f0000, 0x0000020c88c10000]
 total_blobs=2858 nmethods=2348 adapters=422
 compilation: enabled
              stopped_count=0, restarted_count=0
 full_count=0

Compilation events (20 events):
Event: 8.956 Thread 0x0000020cfc134000 nmethod 2329 0x0000020c8910f290 code [0x0000020c8910f440, 0x0000020c8910f578]
Event: 8.960 Thread 0x0000020cfc134000 2330       3       org.gradle.internal.service.DefaultServiceRegistry$FactoryService::createServiceInstance (18 bytes)
Event: 8.960 Thread 0x0000020cfc134000 nmethod 2330 0x0000020c8910f610 code [0x0000020c8910f7e0, 0x0000020c8910f9f8]
Event: 8.964 Thread 0x0000020cfc122000 nmethod 2325 0x0000020c9026f190 code [0x0000020c9026f380, 0x0000020c9026fe88]
Event: 8.965 Thread 0x0000020cfc122000 2331       4       java.util.AbstractCollection::<init> (5 bytes)
Event: 8.965 Thread 0x0000020cfc122000 nmethod 2331 0x0000020c90270210 code [0x0000020c902703a0, 0x0000020c902703f8]
Event: 8.969 Thread 0x0000020cfc122000 2332   !   4       java.net.URL::<init> (543 bytes)
Event: 8.979 Thread 0x0000020cfc134000 2333       3       jdk.internal.misc.Unsafe::ensureClassInitialized (18 bytes)
Event: 8.979 Thread 0x0000020cfc134000 nmethod 2333 0x0000020c8910fb10 code [0x0000020c8910fce0, 0x0000020c8910fef8]
Event: 8.984 Thread 0x0000020cfc134000 2334       3       jdk.internal.reflect.ReflectionFactory::newMethodAccessor (119 bytes)
Event: 8.987 Thread 0x0000020cfc134000 nmethod 2334 0x0000020c89110010 code [0x0000020c89110400, 0x0000020c89112148]
Event: 9.023 Thread 0x0000020cfc134000 2335   !   3       org.gradle.internal.service.ReflectionBasedServiceMethod::invoke (16 bytes)
Event: 9.023 Thread 0x0000020cfc134000 nmethod 2335 0x0000020c89112a90 code [0x0000020c89112c60, 0x0000020c89112df8]
Event: 9.041 Thread 0x0000020cfc134000 2336       3       org.objectweb.asm.MethodWriter::visitAbstractType (8 bytes)
Event: 9.042 Thread 0x0000020cfc134000 nmethod 2336 0x0000020c89112f10 code [0x0000020c891130c0, 0x0000020c891131f8]
Event: 9.044 Thread 0x0000020cfc134000 2337       3       org.objectweb.asm.ByteVector::putInt (74 bytes)
Event: 9.045 Thread 0x0000020cfc134000 nmethod 2337 0x0000020c89113310 code [0x0000020c891134e0, 0x0000020c89113728]
Event: 9.046 Thread 0x0000020cfc134000 2338       3       java.util.concurrent.locks.LockSupport::setBlocker (12 bytes)
Event: 9.046 Thread 0x0000020cfc134000 nmethod 2338 0x0000020c89113890 code [0x0000020c89113a40, 0x0000020c89113b78]
Event: 9.047 Thread 0x0000020cfc134000 2339       3       java.lang.invoke.Invokers::checkCustomized (23 bytes)

GC Heap History (16 events):
Event: 1.217 GC heap before
{Heap before GC invocations=0 (full 0):
 garbage-first heap   total 262144K, used 15360K [0x00000000e0000000, 0x0000000100000000)
  region size 1024K, 12 young (12288K), 0 survivors (0K)
 Metaspace       used 6685K, capacity 6817K, committed 7040K, reserved 262144K
  class space    used 564K, capacity 614K, committed 640K, reserved 253952K
}
Event: 1.244 GC heap after
{Heap after GC invocations=1 (full 0):
 garbage-first heap   total 262144K, used 2568K [0x00000000e0000000, 0x0000000100000000)
  region size 1024K, 2 young (2048K), 2 survivors (2048K)
 Metaspace       used 6685K, capacity 6817K, committed 7040K, reserved 262144K
  class space    used 564K, capacity 614K, committed 640K, reserved 253952K
}
Event: 2.087 GC heap before
{Heap before GC invocations=1 (full 0):
 garbage-first heap   total 262144K, used 15880K [0x00000000e0000000, 0x0000000100000000)
  region size 1024K, 12 young (12288K), 2 survivors (2048K)
 Metaspace       used 9292K, capacity 9469K, committed 9728K, reserved 264192K
  class space    used 903K, capacity 972K, committed 1024K, reserved 253952K
}
Event: 2.095 GC heap after
{Heap after GC invocations=2 (full 0):
 garbage-first heap   total 262144K, used 9751K [0x00000000e0000000, 0x0000000100000000)
  region size 1024K, 2 young (2048K), 2 survivors (2048K)
 Metaspace       used 9292K, capacity 9469K, committed 9728K, reserved 264192K
  class space    used 903K, capacity 972K, committed 1024K, reserved 253952K
}
Event: 2.883 GC heap before
{Heap before GC invocations=2 (full 0):
 garbage-first heap   total 262144K, used 19991K [0x00000000e0000000, 0x0000000100000000)
  region size 1024K, 12 young (12288K), 2 survivors (2048K)
 Metaspace       used 10840K, capacity 11069K, committed 11264K, reserved 264192K
  class space    used 1111K, capacity 1207K, committed 1280K, reserved 253952K
}
Event: 2.888 GC heap after
{Heap after GC invocations=3 (full 0):
 garbage-first heap   total 262144K, used 10100K [0x00000000e0000000, 0x0000000100000000)
  region size 1024K, 1 young (1024K), 1 survivors (1024K)
 Metaspace       used 10840K, capacity 11069K, committed 11264K, reserved 264192K
  class space    used 1111K, capacity 1207K, committed 1280K, reserved 253952K
}
Event: 3.286 GC heap before
{Heap before GC invocations=3 (full 0):
 garbage-first heap   total 262144K, used 25460K [0x00000000e0000000, 0x0000000100000000)
  region size 1024K, 17 young (17408K), 1 survivors (1024K)
 Metaspace       used 10929K, capacity 11133K, committed 11264K, reserved 264192K
  class space    used 1113K, capacity 1207K, committed 1280K, reserved 253952K
}
Event: 3.288 GC heap after
{Heap after GC invocations=4 (full 0):
 garbage-first heap   total 262144K, used 10402K [0x00000000e0000000, 0x0000000100000000)
  region size 1024K, 1 young (1024K), 1 survivors (1024K)
 Metaspace       used 10929K, capacity 11133K, committed 11264K, reserved 264192K
  class space    used 1113K, capacity 1207K, committed 1280K, reserved 253952K
}
Event: 4.279 GC heap before
{Heap before GC invocations=4 (full 0):
 garbage-first heap   total 262144K, used 32930K [0x00000000e0000000, 0x0000000100000000)
  region size 1024K, 23 young (23552K), 1 survivors (1024K)
 Metaspace       used 11401K, capacity 11637K, committed 11904K, reserved 266240K
  class space    used 1214K, capacity 1311K, committed 1408K, reserved 253952K
}
Event: 4.286 GC heap after
{Heap after GC invocations=5 (full 0):
 garbage-first heap   total 262144K, used 14635K [0x00000000e0000000, 0x0000000100000000)
  region size 1024K, 3 young (3072K), 3 survivors (3072K)
 Metaspace       used 11401K, capacity 11637K, committed 11904K, reserved 266240K
  class space    used 1214K, capacity 1311K, committed 1408K, reserved 253952K
}
Event: 6.265 GC heap before
{Heap before GC invocations=5 (full 0):
 garbage-first heap   total 262144K, used 43307K [0x00000000e0000000, 0x0000000100000000)
  region size 1024K, 31 young (31744K), 3 survivors (3072K)
 Metaspace       used 18304K, capacity 18692K, committed 18944K, reserved 272384K
  class space    used 2150K, capacity 2282K, committed 2304K, reserved 253952K
}
Event: 6.276 GC heap after
{Heap after GC invocations=6 (full 0):
 garbage-first heap   total 262144K, used 16855K [0x00000000e0000000, 0x0000000100000000)
  region size 1024K, 3 young (3072K), 3 survivors (3072K)
 Metaspace       used 18304K, capacity 18692K, committed 18944K, reserved 272384K
  class space    used 2150K, capacity 2282K, committed 2304K, reserved 253952K
}
Event: 7.009 GC heap before
{Heap before GC invocations=6 (full 0):
 garbage-first heap   total 262144K, used 39383K [0x00000000e0000000, 0x0000000100000000)
  region size 1024K, 26 young (26624K), 3 survivors (3072K)
 Metaspace       used 20842K, capacity 21248K, committed 21296K, reserved 274432K
  class space    used 2519K, capacity 2688K, committed 2688K, reserved 253952K
}
Event: 7.016 GC heap after
{Heap after GC invocations=7 (full 0):
 garbage-first heap   total 262144K, used 17610K [0x00000000e0000000, 0x0000000100000000)
  region size 1024K, 3 young (3072K), 3 survivors (3072K)
 Metaspace       used 20842K, capacity 21248K, committed 21296K, reserved 274432K
  class space    used 2519K, capacity 2688K, committed 2688K, reserved 253952K
}
Event: 8.149 GC heap before
{Heap before GC invocations=8 (full 0):
 garbage-first heap   total 262144K, used 57546K [0x00000000e0000000, 0x0000000100000000)
  region size 1024K, 43 young (44032K), 3 survivors (3072K)
 Metaspace       used 24928K, capacity 25480K, committed 25648K, reserved 276480K
  class space    used 3185K, capacity 3381K, committed 3456K, reserved 253952K
}
Event: 8.160 GC heap after
{Heap after GC invocations=9 (full 0):
 garbage-first heap   total 262144K, used 18900K [0x00000000e0000000, 0x0000000100000000)
  region size 1024K, 5 young (5120K), 5 survivors (5120K)
 Metaspace       used 24928K, capacity 25480K, committed 25648K, reserved 276480K
  class space    used 3185K, capacity 3381K, committed 3456K, reserved 253952K
}

Deoptimization events (20 events):
Event: 6.450 Thread 0x0000020cfdec4000 DEOPT PACKING pc=0x0000020c901bacd4 sp=0x00000022ba4fcf00
Event: 6.450 Thread 0x0000020cfdec4000 DEOPT UNPACKING pc=0x0000020c886885af sp=0x00000022ba4fced0 mode 2
Event: 6.450 Thread 0x0000020cfdec4000 Uncommon trap: trap_request=0xffffff4d fr.pc=0x0000020c901b5eac relative=0x000000000000046c
Event: 6.450 Thread 0x0000020cfdec4000 Uncommon trap: reason=unstable_if action=reinterpret pc=0x0000020c901b5eac method=java.lang.String.substring(I)Ljava/lang/String; @ 34 c2
Event: 6.450 Thread 0x0000020cfdec4000 DEOPT PACKING pc=0x0000020c901b5eac sp=0x00000022ba4fce80
Event: 6.450 Thread 0x0000020cfdec4000 DEOPT UNPACKING pc=0x0000020c886885af sp=0x00000022ba4fce58 mode 2
Event: 7.175 Thread 0x0000020cfdec4000 Uncommon trap: trap_request=0xffffff4d fr.pc=0x0000020c90226930 relative=0x00000000000003b0
Event: 7.175 Thread 0x0000020cfdec4000 Uncommon trap: reason=unstable_if action=reinterpret pc=0x0000020c90226930 method=jdk.internal.org.objectweb.asm.Type.getArgumentsAndReturnSizes(Ljava/lang/String;)I @ 88 c2
Event: 7.175 Thread 0x0000020cfdec4000 DEOPT PACKING pc=0x0000020c90226930 sp=0x00000022ba4f9a40
Event: 7.175 Thread 0x0000020cfdec4000 DEOPT UNPACKING pc=0x0000020c886885af sp=0x00000022ba4f99c8 mode 2
Event: 7.826 Thread 0x0000020cfdec4000 Uncommon trap: trap_request=0xffffff4d fr.pc=0x0000020c9019657c relative=0x000000000000023c
Event: 7.826 Thread 0x0000020cfdec4000 Uncommon trap: reason=unstable_if action=reinterpret pc=0x0000020c9019657c method=java.util.concurrent.ConcurrentHashMap.get(Ljava/lang/Object;)Ljava/lang/Object; @ 76 c2
Event: 7.826 Thread 0x0000020cfdec4000 DEOPT PACKING pc=0x0000020c9019657c sp=0x00000022ba4f8bc0
Event: 7.826 Thread 0x0000020cfdec4000 DEOPT UNPACKING pc=0x0000020c886885af sp=0x00000022ba4f8b28 mode 2
Event: 8.320 Thread 0x0000020cfdec4000 DEOPT PACKING pc=0x0000020c88fc16e8 sp=0x00000022ba4fb280
Event: 8.320 Thread 0x0000020cfdec4000 DEOPT UNPACKING pc=0x0000020c886c9d0e sp=0x00000022ba4fa788 mode 0
Event: 8.343 Thread 0x0000020cfdec4000 Uncommon trap: trap_request=0xffffff7e fr.pc=0x0000020c902615b4 relative=0x0000000000000174
Event: 8.343 Thread 0x0000020cfdec4000 Uncommon trap: reason=predicate action=maybe_recompile pc=0x0000020c902615b4 method=com.google.common.base.CharMatcher.indexIn(Ljava/lang/CharSequence;I)I @ 19 c2
Event: 8.343 Thread 0x0000020cfdec4000 DEOPT PACKING pc=0x0000020c902615b4 sp=0x00000022ba4fb9a0
Event: 8.344 Thread 0x0000020cfdec4000 DEOPT UNPACKING pc=0x0000020c886885af sp=0x00000022ba4fb930 mode 2

Classes redefined (0 events):
No events

Internal exceptions (20 events):
Event: 7.062 Thread 0x0000020cfdec4000 Exception <a 'java/lang/NoSuchMethodError'{0x00000000effb62e0}: 'int java.lang.invoke.DirectMethodHandle$Holder.invokeSpecialIFC(java.lang.Object, java.lang.Object, java.lang.Object, java.lang.Object)'> (0x00000000effb62e0) thrown at [./src/hotspot/share/interpreter/linkResolver.cpp, line 773]
Event: 7.070 Thread 0x0000020cfdec4000 Exception <a 'java/lang/NoSuchMethodError'{0x00000000effc4298}: 'java.lang.Object java.lang.invoke.DirectMethodHandle$Holder.invokeInterface(java.lang.Object, java.lang.Object, java.lang.Object)'> (0x00000000effc4298) thrown at [./src/hotspot/share/interpreter/linkResolver.cpp, line 773]
Event: 7.070 Thread 0x0000020cfdec4000 Exception <a 'java/lang/IncompatibleClassChangeError'{0x00000000effc7770}: Found class java.lang.Object, but interface was expected> (0x00000000effc7770) thrown at [./src/hotspot/share/interpreter/linkResolver.cpp, line 839]
Event: 7.271 Thread 0x0000020cfdec4000 Exception <a 'java/lang/NoSuchMethodError'{0x00000000ef72c990}: 'void java.lang.invoke.DirectMethodHandle$Holder.invokeSpecial(java.lang.Object, java.lang.Object, java.lang.Object, java.lang.Object, java.lang.Object)'> (0x00000000ef72c990) thrown at [./src/hotspot/share/interpreter/linkResolver.cpp, line 773]
Event: 7.342 Thread 0x0000020cfdec4000 Exception <a 'java/lang/NoSuchMethodError'{0x00000000ef569488}: 'java.lang.Object java.lang.invoke.DirectMethodHandle$Holder.invokeSpecial(java.lang.Object, java.lang.Object, java.lang.Object, java.lang.Object, java.lang.Object, java.lang.Object, java.lang.Object, java.lang.Object, java.lang.Object)'> (0x00000000ef569488) thrown at [./src/hotspot/share/interpreter/linkResolver.cpp, line 773]
Event: 7.466 Thread 0x0000020cfdec4000 Exception <a 'java/lang/NoSuchMethodError'{0x00000000eeb64088}: 'java.lang.Object java.lang.invoke.DirectMethodHandle$Holder.invokeVirtual(java.lang.Object, java.lang.Object, java.lang.Object, java.lang.Object)'> (0x00000000eeb64088) thrown at [./src/hotspot/share/interpreter/linkResolver.cpp, line 773]
Event: 7.932 Thread 0x0000020cfdec4000 Exception <a 'java/lang/NoSuchMethodError'{0x00000000ee10d948}: 'void java.lang.invoke.DirectMethodHandle$Holder.invokeSpecial(java.lang.Object, java.lang.Object, java.lang.Object, java.lang.Object, java.lang.Object, java.lang.Object)'> (0x00000000ee10d948) thrown at [./src/hotspot/share/interpreter/linkResolver.cpp, line 773]
Event: 7.938 Thread 0x0000020cfdec4000 Exception <a 'java/lang/NoSuchMethodError'{0x00000000ee13be88}: 'java.lang.Object java.lang.invoke.DirectMethodHandle$Holder.invokeSpecial(java.lang.Object, java.lang.Object, java.lang.Object, java.lang.Object, java.lang.Object, java.lang.Object, java.lang.Object, java.lang.Object, int, int)'> (0x00000000ee13be88) thrown at [./src/hotspot/share/interpreter/linkResolver.cpp, line 773]
Event: 7.941 Thread 0x0000020cfdec4000 Exception <a 'java/lang/NoSuchMethodError'{0x00000000ee158870}: 'java.lang.Object java.lang.invoke.Invokers$Holder.linkToTargetMethod(java.lang.Object, java.lang.Object, java.lang.Object, java.lang.Object, java.lang.Object, java.lang.Object, java.lang.Object)'> (0x00000000ee158870) thrown at [./src/hotspot/share/interpreter/linkResolver.cpp, line 773]
Event: 7.975 Thread 0x0000020cfdec4000 Exception <a 'java/lang/NoSuchMethodError'{0x00000000ee06b840}: 'void java.lang.invoke.DirectMethodHandle$Holder.invokeSpecial(java.lang.Object, java.lang.Object, java.lang.Object, java.lang.Object, java.lang.Object, java.lang.Object, java.lang.Object)'> (0x00000000ee06b840) thrown at [./src/hotspot/share/interpreter/linkResolver.cpp, line 773]
Event: 7.980 Thread 0x0000020cfdec4000 Exception <a 'java/lang/NoSuchMethodError'{0x00000000ee0aebf8}: 'java.lang.Object java.lang.invoke.DirectMethodHandle$Holder.invokeStatic(java.lang.Object, java.lang.Object, java.lang.Object, int, java.lang.Object, java.lang.Object)'> (0x00000000ee0aebf8) thrown at [./src/hotspot/share/interpreter/linkResolver.cpp, line 773]
Event: 7.981 Thread 0x0000020cfdec4000 Exception <a 'java/lang/NoSuchMethodError'{0x00000000ee0b6308}: 'java.lang.Object java.lang.invoke.Invokers$Holder.linkToTargetMethod(java.lang.Object, java.lang.Object, int, java.lang.Object, java.lang.Object, java.lang.Object)'> (0x00000000ee0b6308) thrown at [./src/hotspot/share/interpreter/linkResolver.cpp, line 773]
Event: 8.016 Thread 0x0000020cfdec4000 Exception <a 'java/lang/NoSuchMethodError'{0x00000000ede6a798}: 'java.lang.Object java.lang.invoke.DirectMethodHandle$Holder.invokeVirtual(java.lang.Object, java.lang.Object, java.lang.Object, java.lang.Object, java.lang.Object, java.lang.Object, java.lang.Object, java.lang.Object, java.lang.Object, java.lang.Object, java.lang.Object, java.lang.Object, java.lang.Object, java.lang.Object, java.lang.Object, java.lang.Object, java.lang.Object, java.lang.Object, java.lang.Object, java.lang.Object, java.lang.Ob
Event: 8.120 Thread 0x0000020cfdec4000 Exception <a 'java/lang/NoSuchMethodError'{0x00000000ed6b4488}: 'int java.lang.invoke.DirectMethodHandle$Holder.invokeStaticInit(java.lang.Object, java.lang.Object, java.lang.Object)'> (0x00000000ed6b4488) thrown at [./src/hotspot/share/interpreter/linkResolver.cpp, line 773]
Event: 8.242 Thread 0x0000020cfdec4000 Exception <a 'java/lang/NoSuchMethodError'{0x00000000efcb9f20}: 'void java.lang.invoke.DirectMethodHandle$Holder.invokeStaticInit(java.lang.Object, java.lang.Object)'> (0x00000000efcb9f20) thrown at [./src/hotspot/share/interpreter/linkResolver.cpp, line 773]
Event: 8.712 Thread 0x0000020cfdec4000 Exception <a 'java/lang/NoSuchMethodError'{0x00000000ef52fd30}: 'void java.lang.invoke.DirectMethodHandle$Holder.invokeStatic(java.lang.Object, java.lang.Object, java.lang.Object, java.lang.Object)'> (0x00000000ef52fd30) thrown at [./src/hotspot/share/interpreter/linkResolver.cpp, line 773]
Event: 8.715 Thread 0x0000020cfdec4000 Exception <a 'java/lang/NoSuchMethodError'{0x00000000ef54f3f8}: 'int java.lang.invoke.DirectMethodHandle$Holder.invokeVirtual(java.lang.Object, java.lang.Object)'> (0x00000000ef54f3f8) thrown at [./src/hotspot/share/interpreter/linkResolver.cpp, line 773]
Event: 8.718 Thread 0x0000020cfdec4000 Exception <a 'java/lang/NoSuchMethodError'{0x00000000ef568238}: 'java.lang.Object java.lang.invoke.DirectMethodHandle$Holder.invokeVirtual(java.lang.Object, java.lang.Object, java.lang.Object)'> (0x00000000ef568238) thrown at [./src/hotspot/share/interpreter/linkResolver.cpp, line 773]
Event: 8.720 Thread 0x0000020cfdec4000 Exception <a 'java/lang/NoSuchMethodError'{0x00000000ef586b58}: 'int java.lang.invoke.DirectMethodHandle$Holder.invokeVirtual(java.lang.Object, java.lang.Object, java.lang.Object)'> (0x00000000ef586b58) thrown at [./src/hotspot/share/interpreter/linkResolver.cpp, line 773]
Event: 8.851 Thread 0x0000020cfdec4000 Exception <a 'java/lang/NoSuchMethodError'{0x00000000ef37ac58}: 'void java.lang.invoke.DirectMethodHandle$Holder.invokeSpecial(java.lang.Object, java.lang.Object)'> (0x00000000ef37ac58) thrown at [./src/hotspot/share/interpreter/linkResolver.cpp, line 773]

Events (20 events):
Event: 9.043 loading class org/objectweb/asm/MethodVisitor
Event: 9.043 loading class org/objectweb/asm/MethodVisitor done
Event: 9.043 loading class org/gradle/api/internal/model/NamedObjectInstantiator$1
Event: 9.043 loading class org/gradle/api/internal/model/NamedObjectInstantiator$1 done
Event: 9.043 loading class org/gradle/api/internal/model/NamedObjectInstantiator$1$6
Event: 9.043 loading class org/gradle/api/internal/model/NamedObjectInstantiator$1$6 done
Event: 9.044 loading class org/objectweb/asm/MethodVisitor
Event: 9.044 loading class org/objectweb/asm/MethodVisitor done
Event: 9.044 loading class org/gradle/api/internal/model/NamedObjectInstantiator$1
Event: 9.044 loading class org/gradle/api/internal/model/NamedObjectInstantiator$1 done
Event: 9.044 loading class org/gradle/api/internal/model/NamedObjectInstantiator$1$7
Event: 9.044 loading class org/gradle/api/internal/model/NamedObjectInstantiator$1$7 done
Event: 9.045 loading class org/gradle/api/internal/model/NamedObjectInstantiator$2
Event: 9.045 loading class org/gradle/api/internal/model/NamedObjectInstantiator$2 done
Event: 9.047 loading class org/objectweb/asm/MethodVisitor
Event: 9.047 loading class org/objectweb/asm/MethodVisitor done
Event: 9.047 loading class org/objectweb/asm/MethodVisitor
Event: 9.047 loading class org/objectweb/asm/MethodVisitor done
Event: 9.047 loading class org/gradle/api/internal/model/NamedObjectInstantiator$2
Event: 9.047 loading class org/gradle/api/internal/model/NamedObjectInstantiator$2 done


Dynamic libraries:
0x00007ff6b63f0000 - 0x00007ff6b63fd000 	C:\Program Files\Microsoft\jdk-11.0.16.101-hotspot\bin\java.exe
0x00007ffdab610000 - 0x00007ffdab808000 	C:\Windows\SYSTEM32\ntdll.dll
0x00007ffda9710000 - 0x00007ffda97cd000 	C:\Windows\System32\KERNEL32.DLL
0x00007ffda9250000 - 0x00007ffda951e000 	C:\Windows\System32\KERNELBASE.dll
0x00007ffda9570000 - 0x00007ffda9670000 	C:\Windows\System32\ucrtbase.dll
0x00007ffd8b060000 - 0x00007ffd8b077000 	C:\Program Files\Microsoft\jdk-11.0.16.101-hotspot\bin\jli.dll
0x00007ffd89c70000 - 0x00007ffd89c85000 	C:\Program Files\Microsoft\jdk-11.0.16.101-hotspot\bin\VCRUNTIME140.dll
0x00007ffdaa730000 - 0x00007ffdaa8d0000 	C:\Windows\System32\USER32.dll
0x00007ffda8f70000 - 0x00007ffda8f92000 	C:\Windows\System32\win32u.dll
0x00007ffdab290000 - 0x00007ffdab2ba000 	C:\Windows\System32\GDI32.dll
0x00007ffda9030000 - 0x00007ffda913b000 	C:\Windows\System32\gdi32full.dll
0x00007ffda91b0000 - 0x00007ffda924d000 	C:\Windows\System32\msvcp_win.dll
0x00007ffd87dc0000 - 0x00007ffd8805a000 	C:\Windows\WinSxS\amd64_microsoft.windows.common-controls_6595b64144ccf1df_6.0.19041.1110_none_60b5254171f9507e\COMCTL32.dll
0x00007ffdaa690000 - 0x00007ffdaa72e000 	C:\Windows\System32\msvcrt.dll
0x00007ffda9670000 - 0x00007ffda96a0000 	C:\Windows\System32\IMM32.DLL
0x00007ffd75970000 - 0x00007ffd75a0b000 	C:\Program Files\Microsoft\jdk-11.0.16.101-hotspot\bin\msvcp140.dll
0x00007ffd577c0000 - 0x00007ffd5834a000 	C:\Program Files\Microsoft\jdk-11.0.16.101-hotspot\bin\server\jvm.dll
0x00007ffdaa1b0000 - 0x00007ffdaa25e000 	C:\Windows\System32\ADVAPI32.dll
0x00007ffdaa5c0000 - 0x00007ffdaa65c000 	C:\Windows\System32\sechost.dll
0x00007ffdaa080000 - 0x00007ffdaa1a5000 	C:\Windows\System32\RPCRT4.dll
0x00007ffda9f30000 - 0x00007ffda9f38000 	C:\Windows\System32\PSAPI.DLL
0x00007ffda3380000 - 0x00007ffda3389000 	C:\Windows\SYSTEM32\WSOCK32.dll
0x00007ffda96a0000 - 0x00007ffda970b000 	C:\Windows\System32\WS2_32.dll
0x00007ffd8a0f0000 - 0x00007ffd8a117000 	C:\Windows\SYSTEM32\WINMM.dll
0x00007ffd952e0000 - 0x00007ffd952ea000 	C:\Windows\SYSTEM32\VERSION.dll
0x00007ffda74a0000 - 0x00007ffda74b2000 	C:\Windows\SYSTEM32\kernel.appcore.dll
0x00007ffd95940000 - 0x00007ffd95950000 	C:\Program Files\Microsoft\jdk-11.0.16.101-hotspot\bin\verify.dll
0x00007ffda71d0000 - 0x00007ffda73b4000 	C:\Windows\SYSTEM32\DBGHELP.DLL
0x00007ffd872f0000 - 0x00007ffd8731c000 	C:\Windows\SYSTEM32\dbgcore.DLL
0x00007ffda8fa0000 - 0x00007ffda9022000 	C:\Windows\System32\bcryptPrimitives.dll
0x00007ffd84020000 - 0x00007ffd84048000 	C:\Program Files\Microsoft\jdk-11.0.16.101-hotspot\bin\java.dll
0x00007ffd8d150000 - 0x00007ffd8d15a000 	C:\Program Files\Microsoft\jdk-11.0.16.101-hotspot\bin\jimage.dll
0x00007ffd873f0000 - 0x00007ffd87408000 	C:\Program Files\Microsoft\jdk-11.0.16.101-hotspot\bin\zip.dll
0x00007ffdaaa70000 - 0x00007ffdab1b3000 	C:\Windows\System32\SHELL32.dll
0x00007ffda6750000 - 0x00007ffda6ee5000 	C:\Windows\SYSTEM32\windows.storage.dll
0x00007ffdaa260000 - 0x00007ffdaa5b4000 	C:\Windows\System32\combase.dll
0x00007ffda8790000 - 0x00007ffda87c0000 	C:\Windows\SYSTEM32\Wldp.dll
0x00007ffdab520000 - 0x00007ffdab5cd000 	C:\Windows\System32\SHCORE.dll
0x00007ffdab1c0000 - 0x00007ffdab215000 	C:\Windows\System32\shlwapi.dll
0x00007ffda8c70000 - 0x00007ffda8c8f000 	C:\Windows\SYSTEM32\profapi.dll
0x00007ffd84a10000 - 0x00007ffd84a29000 	C:\Program Files\Microsoft\jdk-11.0.16.101-hotspot\bin\net.dll
0x00007ffda7d20000 - 0x00007ffda7e2a000 	C:\Windows\SYSTEM32\WINHTTP.dll
0x00007ffda8480000 - 0x00007ffda84ea000 	C:\Windows\system32\mswsock.dll
0x00007ffd84000000 - 0x00007ffd84013000 	C:\Program Files\Microsoft\jdk-11.0.16.101-hotspot\bin\nio.dll
0x00007ffd95950000 - 0x00007ffd95977000 	C:\Users\justin.currin\.gradle\native\e1d6ef7f7dcc3fd88c89a11ec53ec762bb8ba0a96d01ffa2cd45eb1d1d8dd5c5\windows-amd64\native-platform.dll
0x00007ffd6f800000 - 0x00007ffd6f944000 	C:\Users\justin.currin\.gradle\native\0d407fdbe67a94daf76414ababcb853783967236a71b16ec16e742cd7a986fd3\windows-amd64\native-platform-file-events.dll
0x00007ffd8c810000 - 0x00007ffd8c819000 	C:\Program Files\Microsoft\jdk-11.0.16.101-hotspot\bin\management.dll
0x00007ffd8c780000 - 0x00007ffd8c78b000 	C:\Program Files\Microsoft\jdk-11.0.16.101-hotspot\bin\management_ext.dll
0x00007ffda8670000 - 0x00007ffda8688000 	C:\Windows\SYSTEM32\CRYPTSP.dll
0x00007ffda7c90000 - 0x00007ffda7cc4000 	C:\Windows\system32\rsaenh.dll
0x00007ffda8f40000 - 0x00007ffda8f67000 	C:\Windows\System32\bcrypt.dll
0x00007ffda8c30000 - 0x00007ffda8c5e000 	C:\Windows\SYSTEM32\USERENV.dll
0x00007ffda8690000 - 0x00007ffda869c000 	C:\Windows\SYSTEM32\CRYPTBASE.dll
0x00007ffda8170000 - 0x00007ffda81ab000 	C:\Windows\SYSTEM32\IPHLPAPI.DLL
0x00007ffdab280000 - 0x00007ffdab288000 	C:\Windows\System32\NSI.dll
0x00007ffd96fe0000 - 0x00007ffd96ff7000 	C:\Windows\SYSTEM32\dhcpcsvc6.DLL
0x00007ffd96540000 - 0x00007ffd9655d000 	C:\Windows\SYSTEM32\dhcpcsvc.DLL
0x00007ffda81b0000 - 0x00007ffda827a000 	C:\Windows\SYSTEM32\DNSAPI.dll

dbghelp: loaded successfully - version: 4.0.5 - missing functions: none
symbol engine: initialized successfully - sym options: 0x614 - pdb path: .;C:\Program Files\Microsoft\jdk-11.0.16.101-hotspot\bin;C:\Windows\SYSTEM32;C:\Windows\WinSxS\amd64_microsoft.windows.common-controls_6595b64144ccf1df_6.0.19041.1110_none_60b5254171f9507e;C:\Program Files\Microsoft\jdk-11.0.16.101-hotspot\bin\server;C:\Users\justin.currin\.gradle\native\e1d6ef7f7dcc3fd88c89a11ec53ec762bb8ba0a96d01ffa2cd45eb1d1d8dd5c5\windows-amd64;C:\Users\justin.currin\.gradle\native\0d407fdbe67a94daf76414ababcb853783967236a71b16ec16e742cd7a986fd3\windows-amd64

VM Arguments:
jvm_args: --add-opens=java.base/java.util=ALL-UNNAMED --add-opens=java.base/java.lang=ALL-UNNAMED --add-opens=java.base/java.lang.invoke=ALL-UNNAMED --add-opens=java.base/java.util=ALL-UNNAMED --add-opens=java.prefs/java.util.prefs=ALL-UNNAMED --add-opens=java.prefs/java.util.prefs=ALL-UNNAMED --add-opens=java.base/java.nio.charset=ALL-UNNAMED --add-opens=java.base/java.net=ALL-UNNAMED --add-opens=java.base/java.util.concurrent.atomic=ALL-UNNAMED -XX:MaxMetaspaceSize=256m -XX:+HeapDumpOnOutOfMemoryError -Xms256m -Xmx512m -Dfile.encoding=windows-1252 -Duser.country=US -Duser.language=en -Duser.variant 
java_command: org.gradle.launcher.daemon.bootstrap.GradleDaemon 7.5.1
java_class_path (initial): C:\Users\justin.currin\.gradle\permwrapper\dists\gradle-7.5.1-bin\7jzzequgds1hbszbhq3npc5ng\gradle-7.5.1\lib\gradle-launcher-7.5.1.jar
Launcher Type: SUN_STANDARD

[Global flags]
     intx CICompilerCount                          = 2                                         {product} {ergonomic}
   size_t CompressedClassSpaceSize                 = 260046848                                 {product} {ergonomic}
     uint ConcGCThreads                            = 1                                         {product} {ergonomic}
     uint G1ConcRefinementThreads                  = 2                                         {product} {ergonomic}
   size_t G1HeapRegionSize                         = 1048576                                   {product} {ergonomic}
    uintx GCDrainStackTargetSize                   = 64                                        {product} {ergonomic}
     bool HeapDumpOnOutOfMemoryError               = true                                   {manageable} {command line}
   size_t InitialHeapSize                          = 268435456                                 {product} {command line}
   size_t MarkStackSize                            = 4194304                                   {product} {ergonomic}
   size_t MaxHeapSize                              = 536870912                                 {product} {command line}
   size_t MaxMetaspaceSize                         = 268435456                                 {product} {command line}
   size_t MaxNewSize                               = 321912832                                 {product} {ergonomic}
   size_t MinHeapDeltaBytes                        = 1048576                                   {product} {ergonomic}
    uintx NonNMethodCodeHeapSize                   = 5825164                                {pd product} {ergonomic}
    uintx NonProfiledCodeHeapSize                  = 122916538                              {pd product} {ergonomic}
    uintx ProfiledCodeHeapSize                     = 122916538                              {pd product} {ergonomic}
    uintx ReservedCodeCacheSize                    = 251658240                              {pd product} {ergonomic}
     bool SegmentedCodeCache                       = true                                      {product} {ergonomic}
     bool UseCompressedClassPointers               = true                                 {lp64_product} {ergonomic}
     bool UseCompressedOops                        = true                                 {lp64_product} {ergonomic}
     bool UseG1GC                                  = true                                      {product} {ergonomic}
     bool UseLargePagesIndividualAllocation        = false                                  {pd product} {ergonomic}

Logging:
Log output configuration:
 #0: stdout all=warning uptime,level,tags
 #1: stderr all=off uptime,level,tags

Environment Variables:
PATH=C:\Program Files\Microsoft\jdk-11.0.16.101-hotspot\bin;C:\Windows\system32;C:\Windows;C:\Windows\System32\Wbem;C:\Windows\System32\WindowsPowerShell\v1.0\;C:\Program Files\Microsoft VS Code\bin;C:\Users\justin.currin\AppData\Local\Microsoft\WindowsApps;C:\Users\justin.currin\AppData\Local\GitHubDesktop\bin;C:\Users\justin.currin\AppData\Local\Programs\Git\cmd
USERNAME=justin.currin
OS=Windows_NT
PROCESSOR_IDENTIFIER=Intel64 Family 6 Model 140 Stepping 1, GenuineIntel
TMP=C:\Users\JUSTIN~1.CUR\AppData\Local\Temp
TEMP=C:\Users\JUSTIN~1.CUR\AppData\Local\Temp



---------------  S Y S T E M  ---------------

OS: Windows 10 , 64 bit Build 19041 (10.0.19041.1889)
OS uptime: 111 days 7:16 hours

CPU:total 2 (initial active 2) (2 cores per cpu, 1 threads per core) family 6 model 140 stepping 1 microcode 0xa4, cmov, cx8, fxsr, mmx, sse, sse2, sse3, ssse3, sse4.1, sse4.2, popcnt, avx, avx2, aes, clmul, erms, 3dnowpref, lzcnt, tsc, tscinvbit, bmi1, bmi2, adx, evex, sha, fma

Memory: 4k page, system-wide physical 3776M (131M free)
TotalPageFile size 15552M (AvailPageFile size 4M)
current process WorkingSet (physical memory assigned to process): 162M, peak: 162M
current process commit charge ("private bytes"): 397M, peak: 397M

vm_info: OpenJDK 64-Bit Server VM (11.0.16.1+1-LTS) for windows-amd64 JRE (11.0.16.1+1-LTS), built on Aug 20 2022 20:09:04 by "" with MS VC++ 15.9 (VS2017)

END.
